#
# A fatal error has been detected by the Java Runtime Environment:
#
#  EXCEPTION_ACCESS_VIOLATION (0xc0000005) at pc=0x00007ff8bac41721, pid=10872, tid=11804
#
# JRE version: Java(TM) SE Runtime Environment (21.0.1+12) (build 21.0.1+12-LTS-29)
# Java VM: Java HotSpot(TM) 64-Bit Server VM (21.0.1+12-LTS-29, mixed mode, sharing, tiered, compressed oops, compressed class ptrs, g1 gc, windows-amd64)
# Problematic frame:
# V  [jvm.dll+0x341721]
#
# No core dump will be written. Minidumps are not enabled by default on client versions of Windows
#
# If you would like to submit a bug report, please visit:
#   https://bugreport.java.com/bugreport/crash.jsp
#

---------------  S U M M A R Y ------------

Command Line: -Dfile.encoding=UTF-8 -XX:+ShowCodeDetailsInExceptionMessages com.xmp.fkt.FipkartCloneApplication

Host: Intel(R) Core(TM) i5-2410M CPU @ 2.30GHz, 4 cores, 5G,  Windows 10 , 64 bit Build 19041 (10.0.19041.3636)
Time: Tue Feb  6 13:11:49 2024 India Standard Time elapsed time: 742.632052 seconds (0d 0h 12m 22s)

---------------  T H R E A D  ---------------

Current thread (0x0000024033c93600):  WorkerThread "GC Thread#1"    [id=11804, stack(0x000000c1d8000000,0x000000c1d8100000) (1024K)]

Stack: [0x000000c1d8000000,0x000000c1d8100000],  sp=0x000000c1d80ff670,  free space=1021k
Native frames: (J=compiled Java code, j=interpreted, Vv=VM code, C=native code)
V  [jvm.dll+0x341721]
V  [jvm.dll+0x34616e]
V  [jvm.dll+0x3467af]
V  [jvm.dll+0x34601b]
V  [jvm.dll+0x881f77]
V  [jvm.dll+0x7fd728]
V  [jvm.dll+0x6c777d]
C  [ucrtbase.dll+0x21bb2]
C  [KERNEL32.DLL+0x17344]
C  [ntdll.dll+0x526b1]


siginfo: EXCEPTION_ACCESS_VIOLATION (0xc0000005), reading address 0x00000240d4a6cfa4


Registers:
RAX=0x00000240d4a6cf98, RBX=0x00000000a0baac40, RCX=0x0000000000000000, RDX=0x0000000000000097
RSP=0x000000c1d80ff670, RBP=0x000002407b1a73e0, RSI=0x000002407b1a6e30, RDI=0x000002407b1a6e30
R8 =0x000002402f466ab0, R9 =0x0000000000000010, R10=0x0000000000000010, R11=0x0000000000000001
R12=0x000000c1d74ff590, R13=0x0000000000000000, R14=0x00000000a0eb4c34, R15=0x000000000000000c
RIP=0x00007ff8bac41721, EFLAGS=0x0000000000010202


Register to memory mapping:

RAX=0x00000240d4a6cf98 is an unknown value
RBX=0x00000000a0baac40 is pointing into object: java.util.concurrent.ConcurrentHashMap$Node 
{0x00000000a0baac38} - klass: 'java/util/concurrent/ConcurrentHashMap$Node'
 - ---- fields (total size 4 words):
 - final 'hash' 'I' @12  246048372 (0x0eaa6674)
 - final 'key' 'Ljava/lang/Object;' @16  "com.sun.org.apache.xml.internal.security.utils.resolver"{0x00000000a0a6cf98} (0xa0a6cf98)
 - volatile 'val' 'Ljava/lang/Object;' @20  a 'jdk/internal/loader/BuiltinClassLoader$LoadedModule'{0x00000000a0ba58b8} (0xa0ba58b8)
 - volatile 'next' 'Ljava/util/concurrent/ConcurrentHashMap$Node;' @24  null (0x00000000)
RCX=0x0 is null
RDX=0x0000000000000097 is an unknown value
RSP=0x000000c1d80ff670 points into unknown readable memory: 0x00000000a0baac40 | 40 ac ba a0 00 00 00 00
RBP=0x000002407b1a73e0 points into unknown readable memory: 0x00007ff8bb2d33e0 | e0 33 2d bb f8 7f 00 00
RSI=0x000002407b1a6e30 points into unknown readable memory: 0x000000c1d74ff390 | 90 f3 4f d7 c1 00 00 00
RDI=0x000002407b1a6e30 points into unknown readable memory: 0x000000c1d74ff390 | 90 f3 4f d7 c1 00 00 00
R8 =0x000002402f466ab0 points into unknown readable memory: 0x8888888888888988 | 88 89 88 88 88 88 88 88
R9 =0x0000000000000010 is an unknown value
R10=0x0000000000000010 is an unknown value
R11=0x0000000000000001 is an unknown value
R12=0x000000c1d74ff590 points into unknown readable memory: 0x00007ff8bb2d2e58 | 58 2e 2d bb f8 7f 00 00
R13=0x0 is null
R14=0x00000000a0eb4c34 is pointing into object: [Ljava.lang.Object; 
{0x00000000a0eb4b50} - klass: 'java/lang/Object'[]
 - length: 53
R15=0x000000000000000c is an unknown value

Top of Stack: (sp=0x000000c1d80ff670)
0x000000c1d80ff670:   00000000a0baac40 00007ff8bac46aed
0x000000c1d80ff680:   000002407b1a6e30 0000000000000000
0x000000c1d80ff690:   00000000a0baac40 0eaa66740017bef8
0x000000c1d80ff6a0:   00000000a0eb4b60 00007ff8bac4616e
0x000000c1d80ff6b0:   000002407b1a6e30 00000000a0baac40
0x000000c1d80ff6c0:   000000c1d74ff578 000000c1d74fe980
0x000000c1d80ff6d0:   000000c1d74ff578 000000c1d74fe980
0x000000c1d80ff6e0:   0000000000000035 00007ff8bac467af
0x000000c1d80ff6f0:   000002407b1a6e30 0000000000000000
0x000000c1d80ff700:   00000000a0eb4b50 000000c1d74fe820
0x000000c1d80ff710:   00000000a0eb4b50 000000c100000000
0x000000c1d80ff720:   0000000000000001 000002407b1a6e30
0x000000c1d80ff730:   00000000000003d8 00000240333d5a68
0x000000c1d80ff740:   00000240333d5690 00007ff8bac4601b
0x000000c1d80ff750:   0000024033c93600 00000240333d5680
0x000000c1d80ff760:   0000024033aa67a0 000000c1d74fe820
0x000000c1d80ff770:   0000000000000019 00000000000015b1
0x000000c1d80ff780:   00000001ba9ec567 0000018cbddf7baf
0x000000c1d80ff790:   00000001ba9ec567 0000018cbddf7baf
0x000000c1d80ff7a0:   0000000000000000 0000000000000000
0x000000c1d80ff7b0:   00007ff8bb2d3368 000002407b1a73e0
0x000000c1d80ff7c0:   0000000000000000 0000000000000001
0x000000c1d80ff7d0:   0000000000000070 0000024033a9a258
0x000000c1d80ff7e0:   0000000000000000 0000000000000030
0x000000c1d80ff7f0:   0000024033944f20 00007ff8bb181f77
0x000000c1d80ff800:   00000240179fe6a8 0000024033c93600
0x000000c1d80ff810:   0000000000000001 0000024033944f20
0x000000c1d80ff820:   0000000000000000 0000024033c93600
0x000000c1d80ff830:   0000000000000000 0000000000100000
0x000000c1d80ff840:   0000000000000000 00007ff8bb0fd728
0x000000c1d80ff850:   0000024033c93600 00000000ffffffff
0x000000c1d80ff860:   0000000000000000 0000000000000000 

Instructions: (pc=0x00007ff8bac41721)
0x00007ff8bac41621:   48 48 83 c4 30 5f c3 48 8b 07 48 8b d3 8b 88 10
0x00007ff8bac41631:   03 00 00 48 8b 80 00 03 00 00 48 d3 ea 80 3c 02
0x00007ff8bac41641:   00 75 67 48 8b 03 0f b6 c8 48 89 74 24 40 48 8b
0x00007ff8bac41651:   b7 a8 05 00 00 80 e1 03 80 f9 01 75 0f 48 b9 00
0x00007ff8bac41661:   ff ff ff 7f 00 00 00 48 85 c1 74 39 48 8b 56 20
0x00007ff8bac41671:   48 89 5c 24 20 48 89 44 24 28 48 3b 56 08 75 0a
0x00007ff8bac41681:   48 8b ce e8 a7 6b f4 ff 33 d2 48 8b 46 38 48 8b
0x00007ff8bac41691:   ca 0f 28 44 24 20 48 03 c9 0f 11 04 c8 48 8d 42
0x00007ff8bac416a1:   01 48 89 46 20 48 8b 74 24 40 80 3d 8f ec 8f 00
0x00007ff8bac416b1:   00 74 4b 48 85 db 74 46 80 3d 5e 9e 87 00 00 74
0x00007ff8bac416c1:   15 8b 43 08 8b 0d ad 88 87 00 48 d3 e0 48 03 05
0x00007ff8bac416d1:   9b 88 87 00 eb 04 48 8b 43 08 48 3b 05 46 d2 91
0x00007ff8bac416e1:   00 75 1b 48 8b cb e8 e4 5c 02 00 84 c0 74 0f 48
0x00007ff8bac416f1:   8d 8f 00 06 00 00 48 8b d3 e8 d1 26 41 00 80 3d
0x00007ff8bac41701:   18 9e 87 00 00 74 15 8b 43 08 8b 0d 67 88 87 00
0x00007ff8bac41711:   48 d3 e0 48 03 05 55 88 87 00 eb 04 48 8b 43 08
0x00007ff8bac41721:   83 78 0c 04 75 17 48 63 05 7a 6f 8d 00 0f b6 04
0x00007ff8bac41731:   18 a8 08 75 08 48 8b cb e8 82 b0 40 00 48 8d 8f
0x00007ff8bac41741:   20 06 00 00 48 8b d3 e8 53 b8 01 00 48 8b 5c 24
0x00007ff8bac41751:   48 b0 01 48 83 c4 30 5f c3 cc cc cc cc cc cc 48
0x00007ff8bac41761:   89 5c 24 10 48 89 74 24 18 48 89 7c 24 20 55 41
0x00007ff8bac41771:   56 41 57 48 8d ac 24 60 fc ff ff 48 81 ec a0 04
0x00007ff8bac41781:   00 00 48 8b 05 b6 31 8a 00 48 33 c4 48 89 85 90
0x00007ff8bac41791:   03 00 00 4c 8b f1 48 83 c1 08 e8 00 9f d4 ff 4c
0x00007ff8bac417a1:   8b c0 c6 44 24 20 00 41 b9 0b 00 00 00 48 8d 15
0x00007ff8bac417b1:   73 18 69 00 48 8d 4d 40 e8 52 ee ff ff 49 8b d6
0x00007ff8bac417c1:   48 8d 8d d0 00 00 00 e8 d3 46 00 00 49 8b 0e 48
0x00007ff8bac417d1:   8d 95 d0 00 00 00 45 8b 86 d0 01 00 00 48 8b 49
0x00007ff8bac417e1:   78 e8 f9 07 54 00 48 8d 8d 30 02 00 00 e8 bd 31
0x00007ff8bac417f1:   49 00 48 8d 8d f0 00 00 00 e8 a1 f7 ff ff 49 8b
0x00007ff8bac41801:   06 41 8b 96 d0 01 00 00 48 8b 88 30 05 00 00 8b
0x00007ff8bac41811:   79 28 e8 c8 bc 3c 00 49 8d 4e 08 e8 7f 9e d4 ff 


Stack slot to memory mapping:

stack at sp + 0 slots: 0x00000000a0baac40 is pointing into object: java.util.concurrent.ConcurrentHashMap$Node 
{0x00000000a0baac38} - klass: 'java/util/concurrent/ConcurrentHashMap$Node'
 - ---- fields (total size 4 words):
 - final 'hash' 'I' @12  246048372 (0x0eaa6674)
 - final 'key' 'Ljava/lang/Object;' @16  "com.sun.org.apache.xml.internal.security.utils.resolver"{0x00000000a0a6cf98} (0xa0a6cf98)
 - volatile 'val' 'Ljava/lang/Object;' @20  a 'jdk/internal/loader/BuiltinClassLoader$LoadedModule'{0x00000000a0ba58b8} (0xa0ba58b8)
 - volatile 'next' 'Ljava/util/concurrent/ConcurrentHashMap$Node;' @24  null (0x00000000)
stack at sp + 1 slots: 0x00007ff8bac46aed jvm.dll
stack at sp + 2 slots: 0x000002407b1a6e30 points into unknown readable memory: 0x000000c1d74ff390 | 90 f3 4f d7 c1 00 00 00
stack at sp + 3 slots: 0x0 is null
stack at sp + 4 slots: 0x00000000a0baac40 is pointing into object: java.util.concurrent.ConcurrentHashMap$Node 
{0x00000000a0baac38} - klass: 'java/util/concurrent/ConcurrentHashMap$Node'
 - ---- fields (total size 4 words):
 - final 'hash' 'I' @12  246048372 (0x0eaa6674)
 - final 'key' 'Ljava/lang/Object;' @16  "com.sun.org.apache.xml.internal.security.utils.resolver"{0x00000000a0a6cf98} (0xa0a6cf98)
 - volatile 'val' 'Ljava/lang/Object;' @20  a 'jdk/internal/loader/BuiltinClassLoader$LoadedModule'{0x00000000a0ba58b8} (0xa0ba58b8)
 - volatile 'next' 'Ljava/util/concurrent/ConcurrentHashMap$Node;' @24  null (0x00000000)
stack at sp + 5 slots: 0x0eaa66740017bef8 is an unknown value
stack at sp + 6 slots: 0x00000000a0eb4b60 is pointing into object: [Ljava.lang.Object; 
{0x00000000a0eb4b50} - klass: 'java/lang/Object'[]
 - length: 53
stack at sp + 7 slots: 0x00007ff8bac4616e jvm.dll


---------------  P R O C E S S  ---------------

Threads class SMR info:
_java_thread_list=0x000002407aaee890, length=15, elements={
0x00000240330de5b0, 0x00000240330df880, 0x00000240330e5bb0, 0x00000240330e6220,
0x00000240330eb650, 0x00000240330f7240, 0x00000240330f97c0, 0x00000240330f9e70,
0x00000240330f85f0, 0x00000240330f6520, 0x0000024079ee04b0, 0x0000024079edf100,
0x000002407cb00a60, 0x0000024079edf790, 0x000002407cafc230
}

Java Threads: ( => current thread )
  0x00000240330de5b0 JavaThread "Reference Handler"          daemon [_thread_blocked, id=8356, stack(0x000000c1d7500000,0x000000c1d7600000) (1024K)]
  0x00000240330df880 JavaThread "Finalizer"                  daemon [_thread_blocked, id=1704, stack(0x000000c1d7600000,0x000000c1d7700000) (1024K)]
  0x00000240330e5bb0 JavaThread "Signal Dispatcher"          daemon [_thread_blocked, id=672, stack(0x000000c1d7700000,0x000000c1d7800000) (1024K)]
  0x00000240330e6220 JavaThread "Attach Listener"            daemon [_thread_blocked, id=6828, stack(0x000000c1d7800000,0x000000c1d7900000) (1024K)]
  0x00000240330eb650 JavaThread "Service Thread"             daemon [_thread_blocked, id=8728, stack(0x000000c1d7900000,0x000000c1d7a00000) (1024K)]
  0x00000240330f7240 JavaThread "Monitor Deflation Thread"   daemon [_thread_blocked, id=9460, stack(0x000000c1d7a00000,0x000000c1d7b00000) (1024K)]
  0x00000240330f97c0 JavaThread "C2 CompilerThread0"         daemon [_thread_blocked, id=8764, stack(0x000000c1d7b00000,0x000000c1d7c00000) (1024K)]
  0x00000240330f9e70 JavaThread "C1 CompilerThread0"         daemon [_thread_blocked, id=2540, stack(0x000000c1d7c00000,0x000000c1d7d00000) (1024K)]
  0x00000240330f85f0 JavaThread "Notification Thread"        daemon [_thread_blocked, id=892, stack(0x000000c1d7d00000,0x000000c1d7e00000) (1024K)]
  0x00000240330f6520 JavaThread "Common-Cleaner"             daemon [_thread_blocked, id=10020, stack(0x000000c1d7e00000,0x000000c1d7f00000) (1024K)]
  0x0000024079ee04b0 JavaThread "mysql-cj-abandoned-connection-cleanup" daemon [_thread_blocked, id=10584, stack(0x000000c1d8800000,0x000000c1d8900000) (1024K)]
  0x0000024079edf100 JavaThread "Live Reload Server"         daemon [_thread_in_native, id=6244, stack(0x000000c1d8e00000,0x000000c1d8f00000) (1024K)]
  0x000002407cb00a60 JavaThread "DestroyJavaVM"                     [_thread_blocked, id=7160, stack(0x000000c1d6d00000,0x000000c1d6e00000) (1024K)]
  0x0000024079edf790 JavaThread "Catalina-utility-1"                [_thread_blocked, id=5264, stack(0x000000c1d8300000,0x000000c1d8400000) (1024K)]
  0x000002407cafc230 JavaThread "Thread-11"                         [_thread_blocked, id=10568, stack(0x000000c1d6a00000,0x000000c1d6b00000) (1024K)]
Total: 15

Other Threads:
  0x00000240330c07b0 VMThread "VM Thread"                           [id=8836, stack(0x000000c1d7400000,0x000000c1d7500000) (1024K)]
  0x00000240330aa4c0 WatcherThread "VM Periodic Task Thread"        [id=11632, stack(0x000000c1d7300000,0x000000c1d7400000) (1024K)]
  0x0000024017a3d460 WorkerThread "GC Thread#0"                     [id=9108, stack(0x000000c1d6e00000,0x000000c1d6f00000) (1024K)]
=>0x0000024033c93600 WorkerThread "GC Thread#1"                     [id=11804, stack(0x000000c1d8000000,0x000000c1d8100000) (1024K)]
  0x000002403392aad0 WorkerThread "GC Thread#2"                     [id=11712, stack(0x000000c1d8100000,0x000000c1d8200000) (1024K)]
  0x00000240339303f0 WorkerThread "GC Thread#3"                     [id=9048, stack(0x000000c1d8200000,0x000000c1d8300000) (1024K)]
  0x0000024017a4b3f0 ConcurrentGCThread "G1 Main Marker"            [id=5768, stack(0x000000c1d6f00000,0x000000c1d7000000) (1024K)]
  0x0000024017a4be00 WorkerThread "G1 Conc#0"                       [id=5664, stack(0x000000c1d7000000,0x000000c1d7100000) (1024K)]
  0x0000024017ababa0 ConcurrentGCThread "G1 Refine#0"               [id=6956, stack(0x000000c1d7100000,0x000000c1d7200000) (1024K)]
  0x0000024017abd240 ConcurrentGCThread "G1 Service"                [id=8736, stack(0x000000c1d7200000,0x000000c1d7300000) (1024K)]
Total: 10

Threads with active compile tasks:
C2 CompilerThread0   742715 7172       4       org.springframework.util.StringUtils::replace (130 bytes)
Total: 1

VM state: at safepoint (normal execution)

VM Mutex/Monitor currently owned by a thread:  ([mutex/lock_event])
[0x00007ff8bb53a5f8] Threads_lock - owner thread: 0x00000240330c07b0
[0x00007ff8bb53a6f8] Heap_lock - owner thread: 0x000002407cafc230

Heap address: 0x00000000a0600000, size: 1530 MB, Compressed Oops mode: 32-bit

CDS archive(s) mapped at: [0x0000024034000000-0x0000024034c90000-0x0000024034c90000), size 13172736, SharedBaseAddress: 0x0000024034000000, ArchiveRelocationMode: 1.
Compressed class space mapped at: 0x0000024035000000-0x0000024075000000, reserved size: 1073741824
Narrow klass base: 0x0000024034000000, Narrow klass shift: 0, Narrow klass range: 0x100000000

GC Precious Log:
 CardTable entry size: 512
 Card Set container configuration: InlinePtr #cards 5 size 8 Array Of Cards #cards 12 size 40 Howl #buckets 4 coarsen threshold 1843 Howl Bitmap #cards 512 size 80 coarsen threshold 460 Card regions per heap region 1 cards per card region 2048
 CPUs: 4 total, 4 available
 Memory: 6117M
 Large Page Support: Disabled
 NUMA Support: Disabled
 Compressed Oops: Enabled (32-bit)
 Heap Region Size: 1M
 Heap Min Capacity: 8M
 Heap Initial Capacity: 96M
 Heap Max Capacity: 1530M
 Pre-touch: Disabled
 Parallel Workers: 4
 Concurrent Workers: 1
 Concurrent Refinement Workers: 4
 Periodic GC: Disabled

Heap:
 garbage-first heap   total 66560K, used 33295K [0x00000000a0600000, 0x0000000100000000)
  region size 1024K, 7 young (7168K), 3 survivors (3072K)
 Metaspace       used 58946K, committed 59648K, reserved 1114112K
  class space    used 7543K, committed 7872K, reserved 1048576K

Heap Regions: E=young(eden), S=young(survivor), O=old, HS=humongous(starts), HC=humongous(continues), CS=collection set, F=free, TAMS=top-at-mark-start, PB=parsable bottom
|   0|0x00000000a0600000, 0x00000000a0700000, 0x00000000a0700000|100%|HS|  |TAMS 0x00000000a0600000| PB 0x00000000a0600000| Untracked 
|   1|0x00000000a0700000, 0x00000000a0800000, 0x00000000a0800000|100%| O|  |TAMS 0x00000000a0700000| PB 0x00000000a0700000| Untracked 
|   2|0x00000000a0800000, 0x00000000a0900000, 0x00000000a0900000|100%| O|  |TAMS 0x00000000a0800000| PB 0x00000000a0800000| Untracked 
|   3|0x00000000a0900000, 0x00000000a0a00000, 0x00000000a0a00000|100%| O|  |TAMS 0x00000000a0900000| PB 0x00000000a0900000| Untracked 
|   4|0x00000000a0a00000, 0x00000000a0b00000, 0x00000000a0b00000|100%| O|  |TAMS 0x00000000a0a00000| PB 0x00000000a0a00000| Untracked 
|   5|0x00000000a0b00000, 0x00000000a0c00000, 0x00000000a0c00000|100%| O|  |TAMS 0x00000000a0b00000| PB 0x00000000a0b00000| Untracked 
|   6|0x00000000a0c00000, 0x00000000a0cfff08, 0x00000000a0d00000| 99%| O|  |TAMS 0x00000000a0c00000| PB 0x00000000a0c00000| Untracked 
|   7|0x00000000a0d00000, 0x00000000a0dffff0, 0x00000000a0e00000| 99%| O|  |TAMS 0x00000000a0d00000| PB 0x00000000a0d00000| Untracked 
|   8|0x00000000a0e00000, 0x00000000a0effff0, 0x00000000a0f00000| 99%| O|  |TAMS 0x00000000a0e00000| PB 0x00000000a0e00000| Untracked 
|   9|0x00000000a0f00000, 0x00000000a0fffff8, 0x00000000a1000000| 99%| O|  |TAMS 0x00000000a0f00000| PB 0x00000000a0f00000| Untracked 
|  10|0x00000000a1000000, 0x00000000a10fffd8, 0x00000000a1100000| 99%| O|  |TAMS 0x00000000a1000000| PB 0x00000000a1000000| Untracked 
|  11|0x00000000a1100000, 0x00000000a11fffd0, 0x00000000a1200000| 99%| O|  |TAMS 0x00000000a1100000| PB 0x00000000a1100000| Untracked 
|  12|0x00000000a1200000, 0x00000000a1300000, 0x00000000a1300000|100%| O|  |TAMS 0x00000000a1200000| PB 0x00000000a1200000| Untracked 
|  13|0x00000000a1300000, 0x00000000a13fffe0, 0x00000000a1400000| 99%| O|  |TAMS 0x00000000a1300000| PB 0x00000000a1300000| Untracked 
|  14|0x00000000a1400000, 0x00000000a14ffff8, 0x00000000a1500000| 99%| O|  |TAMS 0x00000000a1400000| PB 0x00000000a1400000| Untracked 
|  15|0x00000000a1500000, 0x00000000a15fffe8, 0x00000000a1600000| 99%| O|  |TAMS 0x00000000a1500000| PB 0x00000000a1500000| Untracked 
|  16|0x00000000a1600000, 0x00000000a16ffff0, 0x00000000a1700000| 99%| O|  |TAMS 0x00000000a1600000| PB 0x00000000a1600000| Untracked 
|  17|0x00000000a1700000, 0x00000000a17fffe8, 0x00000000a1800000| 99%| O|  |TAMS 0x00000000a1700000| PB 0x00000000a1700000| Untracked 
|  18|0x00000000a1800000, 0x00000000a18fffe8, 0x00000000a1900000| 99%| O|  |TAMS 0x00000000a1800000| PB 0x00000000a1800000| Untracked 
|  19|0x00000000a1900000, 0x00000000a19ffff8, 0x00000000a1a00000| 99%| O|  |TAMS 0x00000000a1900000| PB 0x00000000a1900000| Untracked 
|  20|0x00000000a1a00000, 0x00000000a1afffc8, 0x00000000a1b00000| 99%| O|  |TAMS 0x00000000a1a00000| PB 0x00000000a1a00000| Untracked 
|  21|0x00000000a1b00000, 0x00000000a1bfffd8, 0x00000000a1c00000| 99%| O|  |TAMS 0x00000000a1b00000| PB 0x00000000a1b00000| Untracked 
|  22|0x00000000a1c00000, 0x00000000a1c12c08, 0x00000000a1d00000|  7%| O|  |TAMS 0x00000000a1c00000| PB 0x00000000a1c00000| Untracked 
|  23|0x00000000a1d00000, 0x00000000a1dc2cc8, 0x00000000a1e00000| 76%| O|  |TAMS 0x00000000a1d00000| PB 0x00000000a1d00000| Untracked 
|  24|0x00000000a1e00000, 0x00000000a1e48ba0, 0x00000000a1f00000| 28%| O|  |TAMS 0x00000000a1e00000| PB 0x00000000a1e00000| Untracked 
|  25|0x00000000a1f00000, 0x00000000a2000000, 0x00000000a2000000|100%| O|  |TAMS 0x00000000a1f00000| PB 0x00000000a1f00000| Untracked 
|  26|0x00000000a2000000, 0x00000000a2100000, 0x00000000a2100000|100%| O|  |TAMS 0x00000000a2000000| PB 0x00000000a2000000| Untracked 
|  27|0x00000000a2100000, 0x00000000a21babd0, 0x00000000a2200000| 72%| O|  |TAMS 0x00000000a2100000| PB 0x00000000a2100000| Untracked 
|  28|0x00000000a2200000, 0x00000000a2200000, 0x00000000a2300000|  0%| F|  |TAMS 0x00000000a2200000| PB 0x00000000a2200000| Untracked 
|  29|0x00000000a2300000, 0x00000000a2300000, 0x00000000a2400000|  0%| F|  |TAMS 0x00000000a2300000| PB 0x00000000a2300000| Untracked 
|  30|0x00000000a2400000, 0x00000000a2500000, 0x00000000a2500000|100%| S|  |TAMS 0x00000000a2400000| PB 0x00000000a2400000| Complete 
|  31|0x00000000a2500000, 0x00000000a2500000, 0x00000000a2600000|  0%| F|  |TAMS 0x00000000a2500000| PB 0x00000000a2500000| Untracked 
|  32|0x00000000a2600000, 0x00000000a2600000, 0x00000000a2700000|  0%| F|  |TAMS 0x00000000a2600000| PB 0x00000000a2600000| Untracked 
|  33|0x00000000a2700000, 0x00000000a2700000, 0x00000000a2800000|  0%| F|  |TAMS 0x00000000a2700000| PB 0x00000000a2700000| Untracked 
|  34|0x00000000a2800000, 0x00000000a2900000, 0x00000000a2900000|100%| S|  |TAMS 0x00000000a2800000| PB 0x00000000a2800000| Complete 
|  35|0x00000000a2900000, 0x00000000a2a00000, 0x00000000a2a00000|100%| S|  |TAMS 0x00000000a2900000| PB 0x00000000a2900000| Complete 
|  36|0x00000000a2a00000, 0x00000000a2a00000, 0x00000000a2b00000|  0%| F|  |TAMS 0x00000000a2a00000| PB 0x00000000a2a00000| Untracked 
|  37|0x00000000a2b00000, 0x00000000a2b00000, 0x00000000a2c00000|  0%| F|  |TAMS 0x00000000a2b00000| PB 0x00000000a2b00000| Untracked 
|  38|0x00000000a2c00000, 0x00000000a2c00000, 0x00000000a2d00000|  0%| F|  |TAMS 0x00000000a2c00000| PB 0x00000000a2c00000| Untracked 
|  39|0x00000000a2d00000, 0x00000000a2d00000, 0x00000000a2e00000|  0%| F|  |TAMS 0x00000000a2d00000| PB 0x00000000a2d00000| Untracked 
|  40|0x00000000a2e00000, 0x00000000a2e00000, 0x00000000a2f00000|  0%| F|  |TAMS 0x00000000a2e00000| PB 0x00000000a2e00000| Untracked 
|  41|0x00000000a2f00000, 0x00000000a2f00000, 0x00000000a3000000|  0%| F|  |TAMS 0x00000000a2f00000| PB 0x00000000a2f00000| Untracked 
|  42|0x00000000a3000000, 0x00000000a3000000, 0x00000000a3100000|  0%| F|  |TAMS 0x00000000a3000000| PB 0x00000000a3000000| Untracked 
|  43|0x00000000a3100000, 0x00000000a3100000, 0x00000000a3200000|  0%| F|  |TAMS 0x00000000a3100000| PB 0x00000000a3100000| Untracked 
|  44|0x00000000a3200000, 0x00000000a3200000, 0x00000000a3300000|  0%| F|  |TAMS 0x00000000a3200000| PB 0x00000000a3200000| Untracked 
|  45|0x00000000a3300000, 0x00000000a3300000, 0x00000000a3400000|  0%| F|  |TAMS 0x00000000a3300000| PB 0x00000000a3300000| Untracked 
|  46|0x00000000a3400000, 0x00000000a3400000, 0x00000000a3500000|  0%| F|  |TAMS 0x00000000a3400000| PB 0x00000000a3400000| Untracked 
|  47|0x00000000a3500000, 0x00000000a3500000, 0x00000000a3600000|  0%| F|  |TAMS 0x00000000a3500000| PB 0x00000000a3500000| Untracked 
|  48|0x00000000a3600000, 0x00000000a3600000, 0x00000000a3700000|  0%| F|  |TAMS 0x00000000a3600000| PB 0x00000000a3600000| Untracked 
|  49|0x00000000a3700000, 0x00000000a3700000, 0x00000000a3800000|  0%| F|  |TAMS 0x00000000a3700000| PB 0x00000000a3700000| Untracked 
|  50|0x00000000a3800000, 0x00000000a3800000, 0x00000000a3900000|  0%| F|  |TAMS 0x00000000a3800000| PB 0x00000000a3800000| Untracked 
|  51|0x00000000a3900000, 0x00000000a3900000, 0x00000000a3a00000|  0%| F|  |TAMS 0x00000000a3900000| PB 0x00000000a3900000| Untracked 
|  52|0x00000000a3a00000, 0x00000000a3a00000, 0x00000000a3b00000|  0%| F|  |TAMS 0x00000000a3a00000| PB 0x00000000a3a00000| Untracked 
|  53|0x00000000a3b00000, 0x00000000a3b00000, 0x00000000a3c00000|  0%| F|  |TAMS 0x00000000a3b00000| PB 0x00000000a3b00000| Untracked 
|  54|0x00000000a3c00000, 0x00000000a3c00000, 0x00000000a3d00000|  0%| F|  |TAMS 0x00000000a3c00000| PB 0x00000000a3c00000| Untracked 
|  55|0x00000000a3d00000, 0x00000000a3d00000, 0x00000000a3e00000|  0%| F|  |TAMS 0x00000000a3d00000| PB 0x00000000a3d00000| Untracked 
|  56|0x00000000a3e00000, 0x00000000a3e00000, 0x00000000a3f00000|  0%| F|  |TAMS 0x00000000a3e00000| PB 0x00000000a3e00000| Untracked 
|  57|0x00000000a3f00000, 0x00000000a3f00000, 0x00000000a4000000|  0%| F|  |TAMS 0x00000000a3f00000| PB 0x00000000a3f00000| Untracked 
|  58|0x00000000a4000000, 0x00000000a4000000, 0x00000000a4100000|  0%| F|  |TAMS 0x00000000a4000000| PB 0x00000000a4000000| Untracked 
|  59|0x00000000a4100000, 0x00000000a4100000, 0x00000000a4200000|  0%| F|  |TAMS 0x00000000a4100000| PB 0x00000000a4100000| Untracked 
|  60|0x00000000a4200000, 0x00000000a4200000, 0x00000000a4300000|  0%| F|  |TAMS 0x00000000a4200000| PB 0x00000000a4200000| Untracked 
|  61|0x00000000a4300000, 0x00000000a43aaf30, 0x00000000a4400000| 66%| E|  |TAMS 0x00000000a4300000| PB 0x00000000a4300000| Complete 
|  62|0x00000000a4400000, 0x00000000a4500000, 0x00000000a4500000|100%| E|  |TAMS 0x00000000a4400000| PB 0x00000000a4400000| Complete 
|  63|0x00000000a4500000, 0x00000000a4600000, 0x00000000a4600000|100%| E|  |TAMS 0x00000000a4500000| PB 0x00000000a4500000| Complete 
|  95|0x00000000a6500000, 0x00000000a6600000, 0x00000000a6600000|100%| E|  |TAMS 0x00000000a6500000| PB 0x00000000a6500000| Complete 

Card table byte_map: [0x000002402f150000,0x000002402f450000] _byte_map_base: 0x000002402ec4d000

Marking Bits: (CMBitMap*) 0x0000024017a3e280
 Bits: [0x000002402f450000, 0x0000024030c38000)

Polling page: 0x0000024015810000

Metaspace:

Usage:
  Non-class:     50.20 MB used.
      Class:      7.37 MB used.
       Both:     57.56 MB used.

Virtual space:
  Non-class space:       64.00 MB reserved,      50.56 MB ( 79%) committed,  1 nodes.
      Class space:        1.00 GB reserved,       7.69 MB ( <1%) committed,  1 nodes.
             Both:        1.06 GB reserved,      58.25 MB (  5%) committed. 

Chunk freelists:
   Non-Class:  12.57 MB
       Class:  8.15 MB
        Both:  20.72 MB

MaxMetaspaceSize: unlimited
CompressedClassSpaceSize: 1.00 GB
Initial GC threshold: 21.00 MB
Current GC threshold: 96.56 MB
CDS: on
 - commit_granule_bytes: 65536.
 - commit_granule_words: 8192.
 - virtual_space_node_default_size: 8388608.
 - enlarge_chunks_in_place: 1.
 - use_allocation_guard: 0.


Internal statistics:

num_allocs_failed_limit: 6.
num_arena_births: 1002.
num_arena_deaths: 2.
num_vsnodes_births: 2.
num_vsnodes_deaths: 0.
num_space_committed: 932.
num_space_uncommitted: 0.
num_chunks_returned_to_freelist: 8.
num_chunks_taken_from_freelist: 3070.
num_chunk_merges: 6.
num_chunk_splits: 2133.
num_chunks_enlarged: 1589.
num_inconsistent_stats: 0.

CodeHeap 'non-profiled nmethods': size=120000Kb used=3845Kb max_used=3845Kb free=116154Kb
 bounds [0x0000024027920000, 0x0000024027d00000, 0x000002402ee50000]
CodeHeap 'profiled nmethods': size=120000Kb used=11956Kb max_used=12151Kb free=108043Kb
 bounds [0x000002401fe50000, 0x0000024020a30000, 0x0000024027380000]
CodeHeap 'non-nmethods': size=5760Kb used=1604Kb max_used=1676Kb free=4155Kb
 bounds [0x0000024027380000, 0x00000240275f0000, 0x0000024027920000]
 total_blobs=6458 nmethods=5802 adapters=560
 compilation: enabled
              stopped_count=0, restarted_count=0
 full_count=0

Compilation events (20 events):
Event: 726.604 Thread 0x00000240330f97c0 nmethod 7171 0x000002402796a290 code [0x000002402796a420, 0x000002402796a4e0]
Event: 742.560 Thread 0x00000240330f97c0 7172       4       org.springframework.util.StringUtils::replace (130 bytes)
Event: 742.560 Thread 0x00000240330f9e70 7173       3       java.util.regex.ASCII::isAlpha (8 bytes)
Event: 742.561 Thread 0x00000240330f9e70 nmethod 7173 0x000002401ff25010 code [0x000002401ff251c0, 0x000002401ff25450]
Event: 742.562 Thread 0x00000240330f9e70 7176       1       org.springframework.boot.context.config.DelegatingApplicationListener::getOrder (5 bytes)
Event: 742.562 Thread 0x00000240330f9e70 nmethod 7176 0x0000024027969f90 code [0x000002402796a120, 0x000002402796a1e8]
Event: 742.562 Thread 0x00000240330f9e70 7177       3       java.time.LocalTime::getLong (50 bytes)
Event: 742.563 Thread 0x00000240330f9e70 nmethod 7177 0x0000024020532310 code [0x0000024020532520, 0x0000024020532a00]
Event: 742.569 Thread 0x00000240330f9e70 7178       1       java.net.InetSocketAddress$InetSocketAddressHolder::getAddress (5 bytes)
Event: 742.569 Thread 0x00000240330f9e70 nmethod 7178 0x0000024027969c10 code [0x0000024027969da0, 0x0000024027969e68]
Event: 742.572 Thread 0x00000240330f9e70 7179   !   3       org.springframework.beans.factory.support.DefaultSingletonBeanRegistry::destroyBean (346 bytes)
Event: 742.575 Thread 0x00000240330f9e70 nmethod 7179 0x0000024020251190 code [0x00000240202515c0, 0x00000240202537e0]
Event: 742.575 Thread 0x00000240330f9e70 7180   !   3       org.hibernate.internal.util.collections.BoundedConcurrentHashMap$Segment::clear (60 bytes)
Event: 742.576 Thread 0x00000240330f9e70 nmethod 7180 0x000002401fee1390 code [0x000002401fee1600, 0x000002401fee2028]
Event: 742.578 Thread 0x00000240330f9e70 7182       3       com.sun.crypto.provider.GaloisCounterMode$GCMEncrypt::<init> (36 bytes)
Event: 742.578 Thread 0x00000240330f9e70 nmethod 7182 0x000002401fe84090 code [0x000002401fe84260, 0x000002401fe84640]
Event: 742.580 Thread 0x00000240330f9e70 7183       1       sun.security.ssl.SSLSocketImpl::isClosed (5 bytes)
Event: 742.580 Thread 0x00000240330f9e70 nmethod 7183 0x000002402792b710 code [0x000002402792b8a0, 0x000002402792b970]
Event: 742.588 Thread 0x00000240330f9e70 7184       1       org.apache.tomcat.util.collections.ManagedConcurrentWeakHashMap$Key::hashCode (5 bytes)
Event: 742.589 Thread 0x00000240330f9e70 nmethod 7184 0x000002402792b410 code [0x000002402792b5a0, 0x000002402792b668]

GC Heap History (20 events):
Event: 7.862 GC heap after
{Heap after GC invocations=8 (full 0):
 garbage-first heap   total 55296K, used 20082K [0x00000000a0600000, 0x0000000100000000)
  region size 1024K, 2 young (2048K), 2 survivors (2048K)
 Metaspace       used 35418K, committed 35968K, reserved 1114112K
  class space    used 4577K, committed 4864K, reserved 1048576K
}
Event: 9.773 GC heap before
{Heap before GC invocations=9 (full 0):
 garbage-first heap   total 55296K, used 44658K [0x00000000a0600000, 0x0000000100000000)
  region size 1024K, 27 young (27648K), 2 survivors (2048K)
 Metaspace       used 46348K, committed 46912K, reserved 1114112K
  class space    used 5958K, committed 6208K, reserved 1048576K
}
Event: 9.782 GC heap after
{Heap after GC invocations=10 (full 0):
 garbage-first heap   total 55296K, used 22696K [0x00000000a0600000, 0x0000000100000000)
  region size 1024K, 4 young (4096K), 4 survivors (4096K)
 Metaspace       used 46348K, committed 46912K, reserved 1114112K
  class space    used 5958K, committed 6208K, reserved 1048576K
}
Event: 10.675 GC heap before
{Heap before GC invocations=10 (full 0):
 garbage-first heap   total 55296K, used 46248K [0x00000000a0600000, 0x0000000100000000)
  region size 1024K, 27 young (27648K), 4 survivors (4096K)
 Metaspace       used 52228K, committed 52800K, reserved 1114112K
  class space    used 6789K, committed 7040K, reserved 1048576K
}
Event: 10.692 GC heap after
{Heap after GC invocations=11 (full 0):
 garbage-first heap   total 55296K, used 24244K [0x00000000a0600000, 0x0000000100000000)
  region size 1024K, 2 young (2048K), 2 survivors (2048K)
 Metaspace       used 52228K, committed 52800K, reserved 1114112K
  class space    used 6789K, committed 7040K, reserved 1048576K
}
Event: 11.760 GC heap before
{Heap before GC invocations=11 (full 0):
 garbage-first heap   total 55296K, used 47796K [0x00000000a0600000, 0x0000000100000000)
  region size 1024K, 25 young (25600K), 2 survivors (2048K)
 Metaspace       used 55839K, committed 56448K, reserved 1114112K
  class space    used 7287K, committed 7552K, reserved 1048576K
}
Event: 11.771 GC heap after
{Heap after GC invocations=12 (full 0):
 garbage-first heap   total 66560K, used 27151K [0x00000000a0600000, 0x0000000100000000)
  region size 1024K, 4 young (4096K), 4 survivors (4096K)
 Metaspace       used 55839K, committed 56448K, reserved 1114112K
  class space    used 7287K, committed 7552K, reserved 1048576K
}
Event: 441.732 GC heap before
{Heap before GC invocations=12 (full 0):
 garbage-first heap   total 66560K, used 46607K [0x00000000a0600000, 0x0000000100000000)
  region size 1024K, 24 young (24576K), 4 survivors (4096K)
 Metaspace       used 57903K, committed 58688K, reserved 1114112K
  class space    used 7522K, committed 7872K, reserved 1048576K
}
Event: 441.792 GC heap after
{Heap after GC invocations=13 (full 1):
 garbage-first heap   total 66560K, used 23419K [0x00000000a0600000, 0x0000000100000000)
  region size 1024K, 0 young (0K), 0 survivors (0K)
 Metaspace       used 57903K, committed 58688K, reserved 1114112K
  class space    used 7522K, committed 7872K, reserved 1048576K
}
Event: 442.780 GC heap before
{Heap before GC invocations=13 (full 1):
 garbage-first heap   total 66560K, used 55163K [0x00000000a0600000, 0x0000000100000000)
  region size 1024K, 31 young (31744K), 0 survivors (0K)
 Metaspace       used 58042K, committed 58816K, reserved 1114112K
  class space    used 7525K, committed 7872K, reserved 1048576K
}
Event: 442.785 GC heap after
{Heap after GC invocations=14 (full 1):
 garbage-first heap   total 66560K, used 26491K [0x00000000a0600000, 0x0000000100000000)
  region size 1024K, 3 young (3072K), 3 survivors (3072K)
 Metaspace       used 58042K, committed 58816K, reserved 1114112K
  class space    used 7525K, committed 7872K, reserved 1048576K
}
Event: 443.583 GC heap before
{Heap before GC invocations=14 (full 1):
 garbage-first heap   total 66560K, used 56187K [0x00000000a0600000, 0x0000000100000000)
  region size 1024K, 32 young (32768K), 3 survivors (3072K)
 Metaspace       used 58490K, committed 59264K, reserved 1114112K
  class space    used 7532K, committed 7872K, reserved 1048576K
}
Event: 443.594 GC heap after
{Heap after GC invocations=15 (full 1):
 garbage-first heap   total 66560K, used 29186K [0x00000000a0600000, 0x0000000100000000)
  region size 1024K, 3 young (3072K), 3 survivors (3072K)
 Metaspace       used 58490K, committed 59264K, reserved 1114112K
  class space    used 7532K, committed 7872K, reserved 1048576K
}
Event: 677.890 GC heap before
{Heap before GC invocations=15 (full 1):
 garbage-first heap   total 66560K, used 33282K [0x00000000a0600000, 0x0000000100000000)
  region size 1024K, 8 young (8192K), 3 survivors (3072K)
 Metaspace       used 58553K, committed 59328K, reserved 1114112K
  class space    used 7534K, committed 7872K, reserved 1048576K
}
Event: 677.948 GC heap after
{Heap after GC invocations=16 (full 2):
 garbage-first heap   total 66560K, used 23672K [0x00000000a0600000, 0x0000000100000000)
  region size 1024K, 0 young (0K), 0 survivors (0K)
 Metaspace       used 58550K, committed 59328K, reserved 1114112K
  class space    used 7533K, committed 7872K, reserved 1048576K
}
Event: 678.903 GC heap before
{Heap before GC invocations=16 (full 2):
 garbage-first heap   total 66560K, used 54392K [0x00000000a0600000, 0x0000000100000000)
  region size 1024K, 31 young (31744K), 0 survivors (0K)
 Metaspace       used 58691K, committed 59456K, reserved 1114112K
  class space    used 7535K, committed 7872K, reserved 1048576K
}
Event: 678.908 GC heap after
{Heap after GC invocations=17 (full 2):
 garbage-first heap   total 66560K, used 26744K [0x00000000a0600000, 0x0000000100000000)
  region size 1024K, 3 young (3072K), 3 survivors (3072K)
 Metaspace       used 58691K, committed 59456K, reserved 1114112K
  class space    used 7535K, committed 7872K, reserved 1048576K
}
Event: 679.536 GC heap before
{Heap before GC invocations=17 (full 2):
 garbage-first heap   total 66560K, used 56440K [0x00000000a0600000, 0x0000000100000000)
  region size 1024K, 32 young (32768K), 3 survivors (3072K)
 Metaspace       used 58936K, committed 59648K, reserved 1114112K
  class space    used 7542K, committed 7872K, reserved 1048576K
}
Event: 679.546 GC heap after
{Heap after GC invocations=18 (full 2):
 garbage-first heap   total 66560K, used 29539K [0x00000000a0600000, 0x0000000100000000)
  region size 1024K, 3 young (3072K), 3 survivors (3072K)
 Metaspace       used 58936K, committed 59648K, reserved 1114112K
  class space    used 7542K, committed 7872K, reserved 1048576K
}
Event: 742.593 GC heap before
{Heap before GC invocations=18 (full 2):
 garbage-first heap   total 66560K, used 32611K [0x00000000a0600000, 0x0000000100000000)
  region size 1024K, 7 young (7168K), 3 survivors (3072K)
 Metaspace       used 58946K, committed 59648K, reserved 1114112K
  class space    used 7543K, committed 7872K, reserved 1048576K
}

Dll operation events (11 events):
Event: 0.029 Loaded shared library C:\Program Files\Java\jdk-21\bin\java.dll
Event: 0.169 Loaded shared library C:\Program Files\Java\jdk-21\bin\jsvml.dll
Event: 0.264 Loaded shared library C:\Program Files\Java\jdk-21\bin\net.dll
Event: 0.267 Loaded shared library C:\Program Files\Java\jdk-21\bin\nio.dll
Event: 0.272 Loaded shared library C:\Program Files\Java\jdk-21\bin\zip.dll
Event: 0.360 Loaded shared library C:\Program Files\Java\jdk-21\bin\jimage.dll
Event: 0.974 Loaded shared library C:\Program Files\Java\jdk-21\bin\management.dll
Event: 0.979 Loaded shared library C:\Program Files\Java\jdk-21\bin\management_ext.dll
Event: 4.010 Loaded shared library C:\Program Files\Java\jdk-21\bin\sunmscapi.dll
Event: 7.864 Loaded shared library C:\Program Files\Java\jdk-21\bin\verify.dll
Event: 8.411 Loaded shared library C:\Program Files\Java\jdk-21\bin\extnet.dll

Deoptimization events (20 events):
Event: 679.224 Thread 0x0000024079ee4650 Uncommon trap: trap_request=0xffffffd6 fr.pc=0x00000240279eb2a8 relative=0x0000000000000468
Event: 679.224 Thread 0x0000024079ee4650 Uncommon trap: reason=array_check action=maybe_recompile pc=0x00000240279eb2a8 method=java.util.HashMap.keysToArray([Ljava/lang/Object;)[Ljava/lang/Object; @ 62 c2
Event: 679.224 Thread 0x0000024079ee4650 DEOPT PACKING pc=0x00000240279eb2a8 sp=0x000000c1d6cfccd0
Event: 679.224 Thread 0x0000024079ee4650 DEOPT UNPACKING pc=0x00000240273d46a2 sp=0x000000c1d6cfcc58 mode 2
Event: 679.224 Thread 0x0000024079ee4650 Uncommon trap: trap_request=0xffffffd6 fr.pc=0x00000240279eb2a8 relative=0x0000000000000468
Event: 679.224 Thread 0x0000024079ee4650 Uncommon trap: reason=array_check action=maybe_recompile pc=0x00000240279eb2a8 method=java.util.HashMap.keysToArray([Ljava/lang/Object;)[Ljava/lang/Object; @ 62 c2
Event: 679.224 Thread 0x0000024079ee4650 DEOPT PACKING pc=0x00000240279eb2a8 sp=0x000000c1d6cfce10
Event: 679.224 Thread 0x0000024079ee4650 DEOPT UNPACKING pc=0x00000240273d46a2 sp=0x000000c1d6cfcd98 mode 2
Event: 679.256 Thread 0x0000024079ee4650 Uncommon trap: trap_request=0xffffffbe fr.pc=0x0000024027c908ac relative=0x000000000000036c
Event: 679.256 Thread 0x0000024079ee4650 Uncommon trap: reason=profile_predicate action=maybe_recompile pc=0x0000024027c908ac method=java.util.HashMap.keysToArray([Ljava/lang/Object;)[Ljava/lang/Object; @ 32 c2
Event: 679.256 Thread 0x0000024079ee4650 DEOPT PACKING pc=0x0000024027c908ac sp=0x000000c1d6cf99d0
Event: 679.256 Thread 0x0000024079ee4650 DEOPT UNPACKING pc=0x00000240273d46a2 sp=0x000000c1d6cf9980 mode 2
Event: 679.483 Thread 0x0000024079ee4650 Uncommon trap: trap_request=0xfffffff4 fr.pc=0x0000024027cc7500 relative=0x00000000000024a0
Event: 679.483 Thread 0x0000024079ee4650 Uncommon trap: reason=null_check action=make_not_entrant pc=0x0000024027cc7500 method=java.lang.Class.getMethodsRecursive(Ljava/lang/String;[Ljava/lang/Class;Z)Ljava/lang/PublicMethods$MethodList; @ 26 c2
Event: 679.483 Thread 0x0000024079ee4650 DEOPT PACKING pc=0x0000024027cc7500 sp=0x000000c1d6cfd500
Event: 679.483 Thread 0x0000024079ee4650 DEOPT UNPACKING pc=0x00000240273d46a2 sp=0x000000c1d6cfd4d8 mode 2
Event: 679.498 Thread 0x0000024079ee32a0 DEOPT PACKING pc=0x000002401fe9db68 sp=0x000000c1d87fde70
Event: 679.498 Thread 0x0000024079ee32a0 DEOPT UNPACKING pc=0x00000240273d4e42 sp=0x000000c1d87fd2e8 mode 0
Event: 679.567 Thread 0x0000024079ee32a0 DEOPT PACKING pc=0x000002401fe9db68 sp=0x000000c1d87fda80
Event: 679.567 Thread 0x0000024079ee32a0 DEOPT UNPACKING pc=0x00000240273d4e42 sp=0x000000c1d87fcef8 mode 0

Classes loaded (20 events):
Event: 441.693 Loading class sun/security/ssl/Alert
Event: 441.694 Loading class sun/security/ssl/Alert done
Event: 441.695 Loading class sun/security/ssl/Alert$AlertConsumer
Event: 441.696 Loading class sun/security/ssl/Alert$AlertConsumer done
Event: 441.696 Loading class sun/security/ssl/Alert$Level
Event: 441.696 Loading class sun/security/ssl/Alert$Level done
Event: 441.698 Loading class sun/net/ConnectionResetException
Event: 441.698 Loading class sun/net/ConnectionResetException done
Event: 441.730 Loading class java/util/WeakHashMap$KeyIterator
Event: 441.730 Loading class java/util/WeakHashMap$HashIterator
Event: 441.730 Loading class java/util/WeakHashMap$HashIterator done
Event: 441.730 Loading class java/util/WeakHashMap$KeyIterator done
Event: 441.792 Loading class java/lang/ref/Finalizer$2
Event: 441.794 Loading class java/lang/ref/Finalizer$2 done
Event: 441.794 Loading class java/lang/ref/Finalizer$1
Event: 441.795 Loading class java/lang/ref/Finalizer$1 done
Event: 442.635 Loading class java/util/WeakHashMap$EntrySet
Event: 442.637 Loading class java/util/WeakHashMap$EntrySet done
Event: 442.637 Loading class java/util/WeakHashMap$EntryIterator
Event: 442.637 Loading class java/util/WeakHashMap$EntryIterator done

Classes unloaded (1 events):
Event: 677.910 Thread 0x00000240330c07b0 Unloading class 0x0000024035794000 'org/apache/catalina/loader/JdbcLeakPrevention'

Classes redefined (0 events):
No events

Internal exceptions (20 events):
Event: 742.577 Thread 0x000002407cafae80 Exception <a 'java/io/IOException'{0x00000000a434cd90}> (0x00000000a434cd90) 
thrown [s\open\src\hotspot\share\prims\jni.cpp, line 520]
Event: 742.578 Thread 0x000002407cafae80 Exception <a 'java/io/IOException'{0x00000000a434ed30}> (0x00000000a434ed30) 
thrown [s\open\src\hotspot\share\prims\jni.cpp, line 520]
Event: 742.578 Thread 0x000002407cafae80 Exception <a 'java/io/IOException'{0x00000000a434f950}> (0x00000000a434f950) 
thrown [s\open\src\hotspot\share\prims\jni.cpp, line 520]
Event: 742.579 Thread 0x000002407cafae80 Exception <a 'java/io/IOException'{0x00000000a4351778}> (0x00000000a4351778) 
thrown [s\open\src\hotspot\share\prims\jni.cpp, line 520]
Event: 742.579 Thread 0x000002407cafae80 Exception <a 'java/io/IOException'{0x00000000a4352398}> (0x00000000a4352398) 
thrown [s\open\src\hotspot\share\prims\jni.cpp, line 520]
Event: 742.580 Thread 0x000002407cafae80 Exception <a 'java/io/IOException'{0x00000000a43541c0}> (0x00000000a43541c0) 
thrown [s\open\src\hotspot\share\prims\jni.cpp, line 520]
Event: 742.580 Thread 0x000002407cafae80 Exception <a 'java/io/IOException'{0x00000000a4354de0}> (0x00000000a4354de0) 
thrown [s\open\src\hotspot\share\prims\jni.cpp, line 520]
Event: 742.581 Thread 0x000002407cafae80 Exception <a 'java/io/IOException'{0x00000000a4356c08}> (0x00000000a4356c08) 
thrown [s\open\src\hotspot\share\prims\jni.cpp, line 520]
Event: 742.581 Thread 0x000002407cafae80 Exception <a 'java/io/IOException'{0x00000000a4357828}> (0x00000000a4357828) 
thrown [s\open\src\hotspot\share\prims\jni.cpp, line 520]
Event: 742.582 Thread 0x000002407cafae80 Exception <a 'java/io/IOException'{0x00000000a4359650}> (0x00000000a4359650) 
thrown [s\open\src\hotspot\share\prims\jni.cpp, line 520]
Event: 742.582 Thread 0x000002407cafae80 Exception <a 'java/io/IOException'{0x00000000a435a270}> (0x00000000a435a270) 
thrown [s\open\src\hotspot\share\prims\jni.cpp, line 520]
Event: 742.583 Thread 0x000002407cafae80 Exception <a 'java/io/IOException'{0x00000000a435c098}> (0x00000000a435c098) 
thrown [s\open\src\hotspot\share\prims\jni.cpp, line 520]
Event: 742.583 Thread 0x000002407cafae80 Exception <a 'java/io/IOException'{0x00000000a435ccb8}> (0x00000000a435ccb8) 
thrown [s\open\src\hotspot\share\prims\jni.cpp, line 520]
Event: 742.584 Thread 0x000002407cafae80 Exception <a 'java/io/IOException'{0x00000000a435eae0}> (0x00000000a435eae0) 
thrown [s\open\src\hotspot\share\prims\jni.cpp, line 520]
Event: 742.584 Thread 0x000002407cafae80 Exception <a 'java/io/IOException'{0x00000000a435f700}> (0x00000000a435f700) 
thrown [s\open\src\hotspot\share\prims\jni.cpp, line 520]
Event: 742.585 Thread 0x000002407cafae80 Exception <a 'java/io/IOException'{0x00000000a4361768}> (0x00000000a4361768) 
thrown [s\open\src\hotspot\share\prims\jni.cpp, line 520]
Event: 742.585 Thread 0x000002407cafae80 Exception <a 'java/io/IOException'{0x00000000a4362388}> (0x00000000a4362388) 
thrown [s\open\src\hotspot\share\prims\jni.cpp, line 520]
Event: 742.586 Thread 0x000002407cafae80 Exception <a 'java/io/IOException'{0x00000000a43641b0}> (0x00000000a43641b0) 
thrown [s\open\src\hotspot\share\prims\jni.cpp, line 520]
Event: 742.586 Thread 0x000002407cafae80 Exception <a 'java/io/IOException'{0x00000000a4364dd0}> (0x00000000a4364dd0) 
thrown [s\open\src\hotspot\share\prims\jni.cpp, line 520]
Event: 742.593 Thread 0x0000024079ee6090 Exception <a 'java/lang/InterruptedException'{0x00000000a438d438}: sleep interrupted> (0x00000000a438d438) 
thrown [s\open\src\hotspot\share\prims\jvm.cpp, line 3074]

ZGC Phase Switch (0 events):
No events

VM Operations (20 events):
Event: 663.807 Executing VM operation: Cleanup done
Event: 677.890 Executing VM operation: G1CollectFull (System.gc())
Event: 677.948 Executing VM operation: G1CollectFull (System.gc()) done
Event: 678.774 Executing VM operation: ICBufferFull
Event: 678.774 Executing VM operation: ICBufferFull done
Event: 678.903 Executing VM operation: G1CollectForAllocation (G1 Evacuation Pause)
Event: 678.908 Executing VM operation: G1CollectForAllocation (G1 Evacuation Pause) done
Event: 679.535 Executing VM operation: G1CollectForAllocation (G1 Evacuation Pause)
Event: 679.548 Executing VM operation: G1CollectForAllocation (G1 Evacuation Pause) done
Event: 680.551 Executing VM operation: Cleanup
Event: 680.551 Executing VM operation: Cleanup done
Event: 685.577 Executing VM operation: Cleanup
Event: 685.577 Executing VM operation: Cleanup done
Event: 721.343 Executing VM operation: HandshakeAllThreads (HandshakeForDeflation)
Event: 721.343 Executing VM operation: HandshakeAllThreads (HandshakeForDeflation) done
Event: 721.343 Executing VM operation: RendezvousGCThreads
Event: 721.343 Executing VM operation: RendezvousGCThreads done
Event: 728.381 Executing VM operation: Cleanup
Event: 728.381 Executing VM operation: Cleanup done
Event: 742.593 Executing VM operation: G1CollectFull (System.gc())

Events (20 events):
Event: 684.973 Thread 0x0000024079f06e30 Thread exited: 0x0000024079f06e30
Event: 742.566 Thread 0x000002407cafc230 Thread added: 0x000002407cafc230
Event: 742.566 Thread 0x0000024079ee3930 Thread exited: 0x0000024079ee3930
Event: 742.570 Thread 0x000002407cb01e10 Thread exited: 0x000002407cb01e10
Event: 742.570 Thread 0x000002407cafd5e0 Thread exited: 0x000002407cafd5e0
Event: 742.570 Thread 0x0000024079ee1ef0 Thread exited: 0x0000024079ee1ef0
Event: 742.570 Thread 0x0000024079ee4ce0 Thread exited: 0x0000024079ee4ce0
Event: 742.570 Thread 0x000002407cafcf50 Thread exited: 0x000002407cafcf50
Event: 742.570 Thread 0x0000024079ee2580 Thread exited: 0x0000024079ee2580
Event: 742.570 Thread 0x000002407cafe300 Thread exited: 0x000002407cafe300
Event: 742.570 Thread 0x000002407cafae80 Thread exited: 0x000002407cafae80
Event: 742.570 Thread 0x000002407cafbba0 Thread exited: 0x000002407cafbba0
Event: 742.570 Thread 0x000002407cafc8c0 Thread exited: 0x000002407cafc8c0
Event: 742.570 Thread 0x000002407caff6b0 Thread exited: 0x000002407caff6b0
Event: 742.571 Thread 0x000002407caff020 Thread exited: 0x000002407caff020
Event: 742.575 Thread 0x000002407cafae80 Thread added: 0x000002407cafae80
Event: 742.575 Thread 0x0000024079ee2c10 Thread exited: 0x0000024079ee2c10
Event: 742.587 Thread 0x000002407cafae80 Thread exited: 0x000002407cafae80
Event: 742.593 Thread 0x0000024079ee1860 Thread exited: 0x0000024079ee1860
Event: 742.593 Thread 0x0000024079ee6090 Thread exited: 0x0000024079ee6090


Dynamic libraries:
0x00007ff739430000 - 0x00007ff739440000 	C:\Program Files\Java\jdk-21\bin\javaw.exe
0x00007ff8e62f0000 - 0x00007ff8e64e8000 	C:\Windows\SYSTEM32\ntdll.dll
0x00007ff8e49e0000 - 0x00007ff8e4a9d000 	C:\Windows\System32\KERNEL32.DLL
0x00007ff8e3cd0000 - 0x00007ff8e3fc6000 	C:\Windows\System32\KERNELBASE.dll
0x00007ff8e3fd0000 - 0x00007ff8e40d0000 	C:\Windows\System32\ucrtbase.dll
0x00007ff8df380000 - 0x00007ff8df399000 	C:\Program Files\Java\jdk-21\bin\jli.dll
0x00007ff8e5540000 - 0x00007ff8e55f3000 	C:\Windows\System32\ADVAPI32.dll
0x00007ff8e5600000 - 0x00007ff8e569e000 	C:\Windows\System32\msvcrt.dll
0x00007ff8e59f0000 - 0x00007ff8e5a8f000 	C:\Windows\System32\sechost.dll
0x00007ff8e4360000 - 0x00007ff8e4486000 	C:\Windows\System32\RPCRT4.dll
0x00007ff8e40d0000 - 0x00007ff8e40f7000 	C:\Windows\System32\bcrypt.dll
0x00007ff8e6110000 - 0x00007ff8e62ae000 	C:\Windows\System32\USER32.dll
0x00007ff8e42a0000 - 0x00007ff8e42c2000 	C:\Windows\System32\win32u.dll
0x00007ff8e5850000 - 0x00007ff8e587c000 	C:\Windows\System32\GDI32.dll
0x00007ff8e3b20000 - 0x00007ff8e3c3a000 	C:\Windows\System32\gdi32full.dll
0x00007ff8e4150000 - 0x00007ff8e41ed000 	C:\Windows\System32\msvcp_win.dll
0x00007ff8dc2b0000 - 0x00007ff8dc2cb000 	C:\Program Files\Java\jdk-21\bin\VCRUNTIME140.dll
0x00007ff8d53a0000 - 0x00007ff8d563a000 	C:\Windows\WinSxS\amd64_microsoft.windows.common-controls_6595b64144ccf1df_6.0.19041.3636_none_60b6a03d71f818d5\COMCTL32.dll
0x00007ff8da640000 - 0x00007ff8da64a000 	C:\Windows\SYSTEM32\VERSION.dll
0x00007ff8e5960000 - 0x00007ff8e5990000 	C:\Windows\System32\IMM32.DLL
0x00007ff8df310000 - 0x00007ff8df31c000 	C:\Program Files\Java\jdk-21\bin\vcruntime140_1.dll
0x00007ff8c8ee0000 - 0x00007ff8c8f6e000 	C:\Program Files\Java\jdk-21\bin\msvcp140.dll
0x00007ff8ba900000 - 0x00007ff8bb615000 	C:\Program Files\Java\jdk-21\bin\server\jvm.dll
0x00007ff8e4aa0000 - 0x00007ff8e4b0b000 	C:\Windows\System32\WS2_32.dll
0x00007ff8e3550000 - 0x00007ff8e359b000 	C:\Windows\SYSTEM32\POWRPROF.dll
0x00007ff8d2ed0000 - 0x00007ff8d2ef7000 	C:\Windows\SYSTEM32\WINMM.dll
0x00007ff8e3510000 - 0x00007ff8e3522000 	C:\Windows\SYSTEM32\UMPDC.dll
0x00007ff8e1870000 - 0x00007ff8e1882000 	C:\Windows\SYSTEM32\kernel.appcore.dll
0x00007ff8dc530000 - 0x00007ff8dc53a000 	C:\Program Files\Java\jdk-21\bin\jimage.dll
0x00007ff8d1f60000 - 0x00007ff8d2144000 	C:\Windows\SYSTEM32\DBGHELP.DLL
0x00007ff8d1f20000 - 0x00007ff8d1f54000 	C:\Windows\SYSTEM32\dbgcore.DLL
0x00007ff8e3c40000 - 0x00007ff8e3cc2000 	C:\Windows\System32\bcryptPrimitives.dll
0x00007ff8dc290000 - 0x00007ff8dc2af000 	C:\Program Files\Java\jdk-21\bin\java.dll
0x00007ff8e4cc0000 - 0x00007ff8e5405000 	C:\Windows\System32\SHELL32.dll
0x00007ff8e1a70000 - 0x00007ff8e220b000 	C:\Windows\SYSTEM32\windows.storage.dll
0x00007ff8e5b50000 - 0x00007ff8e5ea4000 	C:\Windows\System32\combase.dll
0x00007ff8e3380000 - 0x00007ff8e33ad000 	C:\Windows\SYSTEM32\Wldp.dll
0x00007ff8e5f80000 - 0x00007ff8e602d000 	C:\Windows\System32\SHCORE.dll
0x00007ff8e5a90000 - 0x00007ff8e5ae5000 	C:\Windows\System32\shlwapi.dll
0x00007ff8e38f0000 - 0x00007ff8e3915000 	C:\Windows\SYSTEM32\profapi.dll
0x00007ff8c3d60000 - 0x00007ff8c3e37000 	C:\Program Files\Java\jdk-21\bin\jsvml.dll
0x00007ff8dc280000 - 0x00007ff8dc290000 	C:\Program Files\Java\jdk-21\bin\net.dll
0x00007ff8d87d0000 - 0x00007ff8d88da000 	C:\Windows\SYSTEM32\WINHTTP.dll
0x00007ff8e30e0000 - 0x00007ff8e314a000 	C:\Windows\system32\mswsock.dll
0x00007ff8db6b0000 - 0x00007ff8db6c6000 	C:\Program Files\Java\jdk-21\bin\nio.dll
0x00007ff8db630000 - 0x00007ff8db648000 	C:\Program Files\Java\jdk-21\bin\zip.dll
0x00007ff8dc220000 - 0x00007ff8dc22a000 	C:\Program Files\Java\jdk-21\bin\management.dll
0x00007ff8db620000 - 0x00007ff8db62b000 	C:\Program Files\Java\jdk-21\bin\management_ext.dll
0x00007ff8e49d0000 - 0x00007ff8e49d8000 	C:\Windows\System32\PSAPI.DLL
0x00007ff8db600000 - 0x00007ff8db60e000 	C:\Program Files\Java\jdk-21\bin\sunmscapi.dll
0x00007ff8e39c0000 - 0x00007ff8e3b1d000 	C:\Windows\System32\CRYPT32.dll
0x00007ff8e33f0000 - 0x00007ff8e3418000 	C:\Windows\SYSTEM32\ncrypt.dll
0x00007ff8e33b0000 - 0x00007ff8e33eb000 	C:\Windows\SYSTEM32\NTASN1.dll
0x00007ff8e32e0000 - 0x00007ff8e32f8000 	C:\Windows\SYSTEM32\CRYPTSP.dll
0x00007ff8e29b0000 - 0x00007ff8e29e4000 	C:\Windows\system32\rsaenh.dll
0x00007ff8e38b0000 - 0x00007ff8e38de000 	C:\Windows\SYSTEM32\USERENV.dll
0x00007ff8e32d0000 - 0x00007ff8e32dc000 	C:\Windows\SYSTEM32\CRYPTBASE.dll
0x00007ff8e2d70000 - 0x00007ff8e2dab000 	C:\Windows\SYSTEM32\IPHLPAPI.DLL
0x00007ff8e4900000 - 0x00007ff8e4908000 	C:\Windows\System32\NSI.dll
0x00007ff8da770000 - 0x00007ff8da780000 	C:\Program Files\Java\jdk-21\bin\verify.dll
0x00007ff8e2db0000 - 0x00007ff8e2e7a000 	C:\Windows\SYSTEM32\DNSAPI.dll
0x00007ff8d4520000 - 0x00007ff8d452a000 	C:\Windows\System32\rasadhlp.dll
0x00007ff8d5230000 - 0x00007ff8d52b0000 	C:\Windows\System32\fwpuclnt.dll
0x00007ff8da630000 - 0x00007ff8da637000 	C:\Program Files\Java\jdk-21\bin\extnet.dll
0x00007ff8da620000 - 0x00007ff8da627000 	C:\Windows\system32\wshunix.dll

dbghelp: loaded successfully - version: 4.0.5 - missing functions: none
symbol engine: initialized successfully - sym options: 0x614 - pdb path: .;C:\Program Files\Java\jdk-21\bin;C:\Windows\SYSTEM32;C:\Windows\WinSxS\amd64_microsoft.windows.common-controls_6595b64144ccf1df_6.0.19041.3636_none_60b6a03d71f818d5;C:\Program Files\Java\jdk-21\bin\server

VM Arguments:
jvm_args: -Dfile.encoding=UTF-8 -XX:+ShowCodeDetailsInExceptionMessages 
java_command: com.xmp.fkt.FipkartCloneApplication
java_class_path (initial): E:\Final_Project\Fipkart-Clone\target\classes;C:\Users\user\.m2\repository\org\springframework\boot\spring-boot-starter-data-jpa\3.2.2\spring-boot-starter-data-jpa-3.2.2.jar;C:\Users\user\.m2\repository\org\springframework\boot\spring-boot-starter-aop\3.2.2\spring-boot-starter-aop-3.2.2.jar;C:\Users\user\.m2\repository\org\springframework\spring-aop\6.1.3\spring-aop-6.1.3.jar;C:\Users\user\.m2\repository\org\aspectj\aspectjweaver\1.9.21\aspectjweaver-1.9.21.jar;C:\Users\user\.m2\repository\org\springframework\boot\spring-boot-starter-jdbc\3.2.2\spring-boot-starter-jdbc-3.2.2.jar;C:\Users\user\.m2\repository\com\zaxxer\HikariCP\5.0.1\HikariCP-5.0.1.jar;C:\Users\user\.m2\repository\org\springframework\spring-jdbc\6.1.3\spring-jdbc-6.1.3.jar;C:\Users\user\.m2\repository\org\hibernate\orm\hibernate-core\6.4.1.Final\hibernate-core-6.4.1.Final.jar;C:\Users\user\.m2\repository\jakarta\persistence\jakarta.persistence-api\3.1.0\jakarta.persistence-api-3.1.0.jar;C:\Users\user\.m2\repository\jakarta\transaction\jakarta.transaction-api\2.0.1\jakarta.transaction-api-2.0.1.jar;C:\Users\user\.m2\repository\org\jboss\logging\jboss-logging\3.5.3.Final\jboss-logging-3.5.3.Final.jar;C:\Users\user\.m2\repository\org\hibernate\common\hibernate-commons-annotations\6.0.6.Final\hibernate-commons-annotations-6.0.6.Final.jar;C:\Users\user\.m2\repository\io\smallrye\jandex\3.1.2\jandex-3.1.2.jar;C:\Users\user\.m2\repository\com\fasterxml\classmate\1.6.0\classmate-1.6.0.jar;C:\Users\user\.m2\repository\net\bytebuddy\byte-buddy\1.14.11\byte-buddy-1.14.11.jar;C:\Users\user\.m2\repository\org\glassfish\jaxb\jaxb-runtime\4.0.4\jaxb-runtime-4.0.4.jar;C:\Users\user\.m2\repository\org\glassfish\jaxb\jaxb-core\4.0.4\jaxb-core-4.0.4.jar;C:\Users\user\.m2\repository\org\eclipse\angus\angus-activation\2.0.1\angus-activation-2.0.1.jar;C:\Users\user\.m2\repository\org\glassfish\jaxb\txw2\4.0.4\txw2-4.0.4.jar;C:\Users\user\.m2\repository\com\sun\istack\istack-commons-runtime\4.1.2\istack-commons-runtime-4.1.2.jar;C:\Users\user\.m2\repository\jakarta\inject\jakarta.inject-api\2.0.1\jakarta.inject-api-2.0.1.jar;C:\Users\user\.m2\repository\org\antlr\antlr4-runtime\4.13.0\antlr4-runtime-4.13.0.jar;C:\Users\user\.m2\repository\org\springframework\data\spring-data-jpa\3.2.2\spring-data-jpa-3.2.2.jar;C:\Users\user\.m2\repository\org\springframework\data\spring-data-commons\3.2.2\spring-data-commons-3.2.2.jar;C:\Users\user\.m2\repository\org\springframework\spring-orm\6.1.3\spring-orm-6.1.3.jar;C:\Users\user\.m2\repository\org\springframework\spring-context\6.1.3\spring-context-6.1.3.jar;C:\Users\user\.m2\repository\org\springframework\spring-tx\6.1.3\spring-tx-6.1.3.jar;C:\Users\user\.m2\repository\org\springframework\spring-beans\6.1.3\spring-beans-6.1.3.jar;C:\Users\user\.m2\repository\jakarta\annotation\jakarta.annotation-api\2.1.1\jakarta.annotation-api-2.1.1.jar;C:\Users\user\.m2\repository\org\slf4j\slf4j-api\2.0.11\slf4j-api-2.0.11.jar;C:\Users\user\.m2\repository\org\springframework\spring-aspects\6.1.3\spring-aspects-6.1.3.jar;C:\Users\user\.m2\repository\org\springframework\boot\spring-boot-starter-web\3.2.2\spring-boot-starter-web-3.2.2.jar;C:\Users\user\.m2\repository\org\springframework\boot\spring-boot-starter\3.2.2\spring-boot-starter-3.2.2.jar;C:\Users\user\.m2\repository\org\springframework\boot\spring-boot-starter-logging\3.2.2\spring-boot-starter-logging-3.2.2.jar;C:\Users\user\.m2\repository\ch\qos\logback\logback-classic\1.4.14\logback-classic-1.4.14.jar;C:\Users\user\.m2\repository\ch\qos\logback\logback-core\1.4.14\logback-core-1.4.14.jar;C:\Users\user\.m2\repository\org\apache\logging\log4j\log4j-to-slf4j\2.21.1\log4j-to-slf4j-2.21.1.jar;C:\Users\user\.m2\repository\org\apache\logging\log4j\log4j-api\2.21.1\log4j-api-2.21.1.jar;C:\Users\user\.m2\repository\org\slf4j\jul-to-slf4j\2.0.11\jul-to-slf4j-2.0.11.jar;C:\Users\user\.m2\repository\org\yaml\snakeyaml\2.2\snakeyaml-2.2.jar;C:\Users\user\.m2\repository\org\springframework\boot\spring-boot-starter-json\3.2.2\spring-boot-starter-json-3.2.2.jar;C:\Users\user\.m2\repository\com\fasterxml\jackson\core\jackson-databind\2.15.3\jackson-databind-2.15.3.jar;C:\Users\user\.m2\repository\com\fasterxml\jackson\core\jackson-annotations\2.15.3\jackson-annotations-2.15.3.jar;C:\Users\user\.m2\repository\com\fasterxml\jackson\core\jackson-core\2.15.3\jackson-core-2.15.3.jar;C:\Users\user\.m2\repository\com\fasterxml\jackson\datatype\jackson-datatype-jdk8\2.15.3\jackson-datatype-jdk8-2.15.3.jar;C:\Users\user\.m2\repository\com\fasterxml\jackson\datatype\jackson-datatype-jsr310\2.15.3\jackson-datatype-jsr310-2.15.3.jar;C:\Users\user\.m2\repository\com\fasterxml\jackson\module\jackson-module-parameter-names\2.15.3\jackson-module-parameter-names-2.15.3.jar;C:\Users\user\.m2\repository\org\springframework\boot\spring-boot-starter-tomcat\3.2.2\spring-boot-starter-tomcat-3.2.2.jar;C:\Users\user\.m2\repository\org\apache\tomcat\embed\tomcat-embed-core\10.1.18\tomcat-embed-core-10.1.18.jar;C:\Users\user\.m2\repository\org\apache\tomcat\embed\tomcat-embed-websocket\10.1.18\tomcat-embed-websocket-10.1.18.jar;C:\Users\user\.m2\repository\org\springframework\spring-web\6.1.3\spring-web-6.1.3.jar;C:\Users\user\.m2\repository\io\micrometer\micrometer-observation\1.12.2\micrometer-observation-1.12.2.jar;C:\Users\user\.m2\repository\io\micrometer\micrometer-commons\1.12.2\micrometer-commons-1.12.2.jar;C:\Users\user\.m2\repository\org\springframework\spring-webmvc\6.1.3\spring-webmvc-6.1.3.jar;C:\Users\user\.m2\repository\org\springframework\spring-expression\6.1.3\spring-expression-6.1.3.jar;C:\Users\user\.m2\repository\org\springframework\boot\spring-boot-devtools\3.2.2\spring-boot-devtools-3.2.2.jar;C:\Users\user\.m2\repository\org\springframework\boot\spring-boot\3.2.2\spring-boot-3.2.2.jar;C:\Users\user\.m2\repository\org\springframework\boot\spring-boot-autoconfigure\3.2.2\spring-boot-autoconfigure-3.2.2.jar;C:\Users\user\.m2\repository\com\mysql\mysql-connector-j\8.3.0\mysql-connector-j-8.3.0.jar;C:\Users\user\.m2\repository\org\projectlombok\lombok\1.18.30\lombok-1.18.30.jar;C:\Users\user\.m2\repository\jakarta\xml\bind\jakarta.xml.bind-api\4.0.1\jakarta.xml.bind-api-4.0.1.jar;C:\Users\user\.m2\repository\jakarta\activation\jakarta.activation-api\2.1.2\jakarta.activation-api-2.1.2.jar;C:\Users\user\.m2\repository\org\springframework\spring-core\6.1.3\spring-core-6.1.3.jar;C:\Users\user\.m2\repository\org\springframework\spring-jcl\6.1.3\spring-jcl-6.1.3.jar;C:\Users\user\.m2\repository\org\springframework\boot\spring-boot-starter-validation\3.2.2\spring-boot-starter-validation-3.2.2.jar;C:\Users\user\.m2\repository\org\apache\tomcat\embed\tomcat-embed-el\10.1.18\tomcat-embed-el-10.1.18.jar;C:\Users\user\.m2\repository\org\hibernate\validator\hibernate-validator\8.0.1.Final\hibernate-validator-8.0.1.Final.jar;C:\Users\user\.m2\repository\jakarta\validation\jakarta.validation-api\3.0.2\jakarta.validation-api-3.0.2.jar;C:\Users\user\.m2\repository\org\springdoc\springdoc-openapi-starter-webmvc-ui\2.2.0\springdoc-openapi-starter-webmvc-ui-2.2.0.jar;C:\Users\user\.m2\repository\org\springdoc\springdoc-openapi-starter-webmvc-api\2.2.0\springdoc-openapi-starter-webmvc-api-2.2.0.jar;C:\Users\user\.m2\repository\org\springdoc\springdoc-openapi-starter-common\2.2.0\springdoc-openapi-starter-common-2.2.0.jar;C:\Users\user\.m2\repository\io\swagger\core\v3\swagger-core-jakarta\2.2.15\swagger-core-jakarta-2.2.15.jar;C:\Users\user\.m2\repository\org\apache\commons\commons-lang3\3.13.0\commons-lang3-3.13.0.jar;C:\Users\user\.m2\repository\io\swagger\core\v3\swagger-annotations-jakarta\2.2.15\swagger-annotations-jakarta-2.2.15.jar;C:\Users\user\.m2\repository\io\swagger\core\v3\swagger-models-jakarta\2.2.15\swagger-models-jakarta-2.2.15.jar;C:\Users\user\.m2\repository\com\fasterxml\jackson\dataformat\jackson-dataformat-yaml\2.15.3\jackson-dataformat-yaml-2.15.3.jar;C:\Users\user\.m2\repository\org\webjars\swagger-ui\5.2.0\swagger-ui-5.2.0.jar
Launcher Type: SUN_STANDARD

[Global flags]
     intx CICompilerCount                          = 3                                         {product} {ergonomic}
     uint ConcGCThreads                            = 1                                         {product} {ergonomic}
     uint G1ConcRefinementThreads                  = 4                                         {product} {ergonomic}
   size_t G1HeapRegionSize                         = 1048576                                   {product} {ergonomic}
    uintx GCDrainStackTargetSize                   = 64                                        {product} {ergonomic}
   size_t InitialHeapSize                          = 100663296                                 {product} {ergonomic}
   size_t MarkStackSize                            = 4194304                                   {product} {ergonomic}
   size_t MaxHeapSize                              = 1604321280                                {product} {ergonomic}
   size_t MaxNewSize                               = 962592768                                 {product} {ergonomic}
   size_t MinHeapDeltaBytes                        = 1048576                                   {product} {ergonomic}
   size_t MinHeapSize                              = 8388608                                   {product} {ergonomic}
    uintx NonNMethodCodeHeapSize                   = 5832780                                {pd product} {ergonomic}
    uintx NonProfiledCodeHeapSize                  = 122912730                              {pd product} {ergonomic}
    uintx ProfiledCodeHeapSize                     = 122912730                              {pd product} {ergonomic}
    uintx ReservedCodeCacheSize                    = 251658240                              {pd product} {ergonomic}
     bool SegmentedCodeCache                       = true                                      {product} {ergonomic}
     bool ShowCodeDetailsInExceptionMessages       = true                                   {manageable} {command line}
   size_t SoftMaxHeapSize                          = 1604321280                             {manageable} {ergonomic}
     bool UseCompressedOops                        = true                           {product lp64_product} {ergonomic}
     bool UseG1GC                                  = true                                      {product} {ergonomic}
     bool UseLargePagesIndividualAllocation        = false                                  {pd product} {ergonomic}

Logging:
Log output configuration:
 #0: stdout all=warning uptime,level,tags foldmultilines=false
 #1: stderr all=off uptime,level,tags foldmultilines=false

Environment Variables:
JAVA_HOME=C:\Program Files\Java\jdk-21
PATH=C:/Users/user/Desktop/eclipse//plugins/org.eclipse.justj.openjdk.hotspot.jre.full.win32.x86_64_17.0.6.v20230204-1729/jre/bin/server;C:/Users/user/Desktop/eclipse//plugins/org.eclipse.justj.openjdk.hotspot.jre.full.win32.x86_64_17.0.6.v20230204-1729/jre/bin;C:\Program Files\Common Files\Oracle\Java\javapath;C:\Program Files (x86)\Common Files\Oracle\Java\javapath;C:\Program Files (x86)\AMD APP\bin\x86_64;C:\Program Files (x86)\AMD APP\bin\x86;C:\Windows\system32;C:\Windows;C:\Windows\System32\Wbem;C:\Windows\System32\WindowsPowerShell\v1.0\;C:\Windows\System32\OpenSSH\;C:\Program Files (x86)\ATI Technologies\ATI.ACE\Core-Static;C:\Program Files\Git\cmd;C:\Program Files\nodejs\;C:\Program Files\Java\jdk-21\bin;C:\Program Files\MySQL\MySQL Shell 8.0\bin\;C:\Users\user\AppData\Local\Microsoft\WindowsApps;C:\Users\user\AppData\Local\Programs\Microsoft VS Code\bin;C:\Users\user\AppData\Local\GitHubDesktop\bin;C:\Users\user\AppData\Roaming\npm;C:\Users\user\Desktop\eclipse;
USERNAME=user
OS=Windows_NT
PROCESSOR_IDENTIFIER=Intel64 Family 6 Model 42 Stepping 7, GenuineIntel
TMP=C:\Users\user\AppData\Local\Temp
TEMP=C:\Users\user\AppData\Local\Temp




Periodic native trim disabled

---------------  S Y S T E M  ---------------

OS:
 Windows 10 , 64 bit Build 19041 (10.0.19041.3636)
OS uptime: 1 days 4:38 hours

CPU: total 4 (initial active 4) (2 cores per cpu, 2 threads per core) family 6 model 42 stepping 7 microcode 0x2f, cx8, cmov, fxsr, ht, mmx, sse, sse2, sse3, ssse3, sse4.1, sse4.2, popcnt, tsc, tscinvbit, avx, aes, clmul, vzeroupper, clflush, rdtscp
Processor Information for all 4 processors :
  Max Mhz: 2301, Current Mhz: 2301, Mhz Limit: 2301

Memory: 4k page, system-wide physical 6117M (1464M free)
TotalPageFile size 8101M (AvailPageFile size 2393M)
current process WorkingSet (physical memory assigned to process): 225M, peak: 262M
current process commit charge ("private bytes"): 264M, peak: 290M

vm_info: Java HotSpot(TM) 64-Bit Server VM (21.0.1+12-LTS-29) for windows-amd64 JRE (21.0.1+12-LTS-29), built on 2023-10-05T13:27:09Z by "mach5one" with MS VC++ 17.1 (VS2022)

END.
